2023-12-10 11:08:00,935 [INFO] Scraper running...
2023-12-10 11:08:45,256 [INFO] Next button found
2023-12-10 11:09:02,132 [INFO] Next button found
2023-12-10 11:09:19,551 [INFO] Next button found
2023-12-10 11:09:34,323 [INFO] Next button found
2023-12-10 11:18:59,905 [INFO] Scraper completed!2023-12-13 10:54:08,762 [INFO] Starting the scraper
2023-12-13 10:54:59,291 [INFO] Next button found
2023-12-13 10:55:18,751 [INFO] Next button found
2023-12-13 10:55:37,559 [INFO] Next button found
2023-12-13 10:55:46,052 [INFO] Retrieving email and contact information...
2023-12-13 11:00:10,122 [INFO] Scraper running...
2023-12-13 11:00:48,654 [ERROR] Exception occurred while scraping Fleet_leasing#1: Message: no such window: target window already closed
from unknown error: web view not found
  (Session info: chrome=109.0.5414.119)
Stacktrace:
#0 0x55712cfe3303 <unknown>
#1 0x55712cdb7d37 <unknown>
#2 0x55712cd92975 <unknown>
#3 0x55712ce195df <unknown>
#4 0x55712ce2c253 <unknown>
#5 0x55712ce14753 <unknown>
#6 0x55712cde7a14 <unknown>
#7 0x55712cde8b7e <unknown>
#8 0x55712d03232e <unknown>
#9 0x55712d035c0e <unknown>
#10 0x55712d018610 <unknown>
#11 0x55712d036c23 <unknown>
#12 0x55712d00a545 <unknown>
#13 0x55712d0576a8 <unknown>
#14 0x55712d057836 <unknown>
#15 0x55712d072d13 <unknown>
#16 0x7efde7490402 <unknown>

2023-12-13 11:00:48,766 [INFO] Scraper completed
2023-12-13 11:00:59,611 [INFO] Next button found
2023-12-13 12:59:08,443 [INFO] Scraper running...
2023-12-13 12:59:54,719 [INFO] Next button found
2023-12-13 12:59:54,727 [ERROR] Exception occurred while scraping : Message: no such window: target window already closed
from unknown error: web view not found
  (Session info: chrome=109.0.5414.119)
Stacktrace:
#0 0x561107b1a303 <unknown>
#1 0x5611078eed37 <unknown>
#2 0x5611078c9975 <unknown>
#3 0x5611079505df <unknown>
#4 0x561107963253 <unknown>
#5 0x56110794b753 <unknown>
#6 0x56110791ea14 <unknown>
#7 0x56110791fb7e <unknown>
#8 0x561107b6932e <unknown>
#9 0x561107b6cc0e <unknown>
#10 0x561107b4f610 <unknown>
#11 0x561107b6dc23 <unknown>
#12 0x561107b41545 <unknown>
#13 0x561107b8e6a8 <unknown>
#14 0x561107b8e836 <unknown>
#15 0x561107ba9d13 <unknown>
#16 0x7fb18c890402 <unknown>

2023-12-13 12:59:54,763 [INFO] Scraper completed!
2023-12-13 13:31:00,434 [INFO] Scraper running...
2023-12-13 13:31:18,763 [ERROR] Exception occurred while scraping : Message: no such window: target window already closed
from unknown error: web view not found
  (Session info: chrome=109.0.5414.119)
Stacktrace:
#0 0x55ded2128303 <unknown>
#1 0x55ded1efcd37 <unknown>
#2 0x55ded1ed7975 <unknown>
#3 0x55ded1f5e5df <unknown>
#4 0x55ded1f71253 <unknown>
#5 0x55ded1f59753 <unknown>
#6 0x55ded1f2ca14 <unknown>
#7 0x55ded1f2db7e <unknown>
#8 0x55ded217732e <unknown>
#9 0x55ded217ac0e <unknown>
#10 0x55ded215d610 <unknown>
#11 0x55ded217bc23 <unknown>
#12 0x55ded214f545 <unknown>
#13 0x55ded219c6a8 <unknown>
#14 0x55ded219c836 <unknown>
#15 0x55ded21b7d13 <unknown>
#16 0x7f1330a90402 <unknown>

2023-12-13 13:31:18,802 [INFO] Scraper completed!
2023-12-13 13:43:36,330 [INFO] Scraper running...
2023-12-13 13:44:21,929 [INFO] Next button found
2023-12-13 13:44:39,114 [INFO] Next button found
2023-12-13 13:44:56,891 [INFO] Next button found
2023-12-13 13:45:12,495 [INFO] Next button found
2023-12-13 13:45:20,343 [INFO] Retrieving email and contact information...
2023-12-13 13:54:43,041 [INFO] Scraper completed!
2023-12-13 14:03:20,121 [INFO] Scraper running...
2023-12-13 14:03:58,116 [INFO] Retrieving email and contact information...
2023-12-13 14:03:58,213 [INFO] Scraper completed!
2023-12-13 14:07:41,486 [INFO] Scraper running...
2023-12-13 14:08:19,521 [INFO] Retrieving email and contact information...
2023-12-13 14:10:41,701 [INFO] Scraper completed!
2023-12-13 14:14:03,453 [INFO] Scraper running...
2023-12-13 14:14:41,144 [INFO] Retrieving email and contact information...
2023-12-13 14:17:02,841 [INFO] Scraper completed!
2023-12-13 14:18:17,536 [INFO] Scraper running...
2023-12-13 14:18:56,324 [INFO] Retrieving email and contact information...
2023-12-13 14:21:18,060 [INFO] Scraper completed!
2023-12-13 14:26:40,246 [INFO] Scraper running...
2023-12-13 14:27:19,872 [INFO] Retrieving email and contact information...
2023-12-13 14:29:42,150 [INFO] Scraper completed!
2023-12-13 14:34:57,423 [INFO] Scraper running...
2023-12-13 14:35:36,058 [INFO] Retrieving email and contact information...
2023-12-13 14:37:57,713 [INFO] Scraper completed!
2023-12-13 14:47:26,483 [INFO] Scraper running...
2023-12-13 14:48:08,456 [INFO] Retrieving email and contact information...
2023-12-13 14:50:33,402 [INFO] Scraper completed!
2023-12-13 18:32:14,540 [INFO] Scraper running...
2023-12-13 18:32:52,651 [INFO] Retrieving email and contact information...
2023-12-13 18:37:12,772 [INFO] Scraper running...
2023-12-13 18:37:51,164 [INFO] Retrieving email and contact information...
2023-12-13 18:40:15,662 [INFO] Scraper completed!
2023-12-13 18:47:35,030 [INFO] Scraper running...
2023-12-13 18:48:12,767 [INFO] Retrieving email and contact information...
2023-12-13 19:08:17,636 [INFO] Scraper running...
2023-12-13 19:08:56,036 [INFO] Retrieving email and contact information...
2023-12-13 19:11:20,077 [INFO] Scraper completed!
2023-12-13 19:12:39,304 [INFO] Scraper running...
2023-12-13 19:13:18,275 [INFO] Retrieving email and contact information...
2023-12-13 19:16:57,792 [INFO] Scraper completed!
2023-12-13 20:27:57,616 [INFO] Scraper running...
2023-12-13 20:28:45,340 [INFO] Retrieving email and contact information...
2023-12-13 20:32:01,376 [INFO] Request URL: 'https://gmaps9f62.blob.core.windows.net/test/scraped_data.csv'
Request method: 'PUT'
Request headers:
    'Content-Length': '7596'
    'x-ms-blob-type': 'REDACTED'
    'x-ms-version': 'REDACTED'
    'Content-Type': 'application/octet-stream'
    'Accept': 'application/xml'
    'User-Agent': 'azsdk-python-storage-blob/12.19.0 Python/3.10.7 (Linux-5.19.0-46-generic-x86_64-with-glibc2.36)'
    'x-ms-date': 'REDACTED'
    'x-ms-client-request-id': '91cdd064-99c8-11ee-a5e9-89fc6408d56b'
    'Authorization': 'REDACTED'
A body is sent with the request
2023-12-13 20:32:02,818 [INFO] Response status: 201
Response headers:
    'Content-Length': '0'
    'Content-MD5': 'REDACTED'
    'Last-Modified': 'Wed, 13 Dec 2023 15:02:02 GMT'
    'ETag': '"0x8DBFBEC76C949BF"'
    'Server': 'Windows-Azure-Blob/1.0 Microsoft-HTTPAPI/2.0'
    'x-ms-request-id': 'deff4a32-601e-0025-28d5-2d0541000000'
    'x-ms-client-request-id': '91cdd064-99c8-11ee-a5e9-89fc6408d56b'
    'x-ms-version': 'REDACTED'
    'x-ms-content-crc64': 'REDACTED'
    'x-ms-request-server-encrypted': 'REDACTED'
    'Date': 'Wed, 13 Dec 2023 15:02:02 GMT'
2023-12-13 20:32:07,016 [INFO] Scraper completed!
